2024-02-07 14:35:50,422 [Worker-8] INFO  o.e.m.c.i.p.ProjectConfigurationManager - Update started
2024-02-07 14:35:54,795 [Worker-8] INFO  o.e.m.c.i.l.LifecycleMappingFactory - Using org.eclipse.m2e.jdt.JarLifecycleMapping lifecycle mapping for MavenProject: com.ts:Tourism:0.0.1-SNAPSHOT @ C:\Users\GOPAL\OneDrive\Desktop\tourism_website\Backend\Tourism\pom.xml.
2024-02-07 14:35:58,812 [Worker-8] INFO  o.e.m.j.i.AbstractJavaProjectConfigurator - Adding source folder /Tourism/src/main/java
2024-02-07 14:35:58,813 [Worker-8] INFO  o.e.m.j.i.AbstractJavaProjectConfigurator - Adding resource folder /Tourism/src/main/resources
2024-02-07 14:35:58,824 [Worker-8] INFO  o.e.m.j.i.AbstractJavaProjectConfigurator - Adding resource folder /Tourism/src/main/resources
2024-02-07 14:35:58,848 [Worker-8] INFO  o.e.m.j.i.AbstractJavaProjectConfigurator - Adding source folder /Tourism/src/test/java
2024-02-07 14:35:59,942 [Worker-3] INFO  o.a.m.s.f.DefaultMavenResourcesFiltering - Copying 1 resource from src\main\resources to target\classes
2024-02-07 14:35:59,974 [Worker-3] INFO  o.a.m.s.f.DefaultMavenResourcesFiltering - Copying 0 resource from src\main\resources to target\classes
2024-02-07 14:35:59,977 [Worker-3] INFO  o.a.m.s.f.DefaultMavenResourcesFiltering - skip non existing resourceDirectory C:\Users\GOPAL\OneDrive\Desktop\tourism_website\Backend\Tourism\src\test\resources
2024-02-07 14:36:03,109 [Worker-8] INFO  o.e.m.c.i.p.ProjectConfigurationManager - Update completed: 12 sec
2024-02-07 14:36:03,494 [Worker-12] INFO  o.a.m.s.f.DefaultMavenResourcesFiltering - Copying 1 resource from src\main\resources to target\classes
2024-02-07 14:36:03,496 [Worker-12] INFO  o.a.m.s.f.DefaultMavenResourcesFiltering - Copying 0 resource from src\main\resources to target\classes
2024-02-07 14:36:03,498 [Worker-12] INFO  o.a.m.s.f.DefaultMavenResourcesFiltering - skip non existing resourceDirectory C:\Users\GOPAL\OneDrive\Desktop\tourism_website\Backend\Tourism\src\test\resources
2024-02-07 14:37:56,394 [Worker-0] INFO  o.e.m.c.i.l.LifecycleMappingFactory - Using org.eclipse.m2e.jdt.JarLifecycleMapping lifecycle mapping for MavenProject: com.ts:Tourism:0.0.1-SNAPSHOT @ C:\Users\GOPAL\OneDrive\Desktop\tourism_website\Backend\Tourism\pom.xml.
2024-02-07 14:37:58,084 [Worker-0] INFO  o.e.m.c.i.embedder.EclipseLogger - Using 'UTF-8' encoding to copy filtered resources.
2024-02-07 14:37:58,085 [Worker-0] INFO  o.e.m.c.i.embedder.EclipseLogger - Using 'UTF-8' encoding to copy filtered properties files.
2024-02-07 14:37:58,090 [Worker-0] INFO  o.e.m.c.i.embedder.EclipseLogger - Copying 0 resource
2024-02-07 14:37:58,090 [Worker-0] INFO  o.e.m.c.i.embedder.EclipseLogger - Copying 0 resource
2024-02-07 14:37:58,093 [Worker-0] INFO  o.e.m.c.i.embedder.EclipseLogger - Using 'UTF-8' encoding to copy filtered resources.
2024-02-07 14:37:58,094 [Worker-0] INFO  o.e.m.c.i.embedder.EclipseLogger - Using 'UTF-8' encoding to copy filtered properties files.
2024-02-07 14:37:58,094 [Worker-0] INFO  o.e.m.c.i.embedder.EclipseLogger - skip non existing resourceDirectory C:\Users\GOPAL\OneDrive\Desktop\tourism_website\Backend\Tourism\src\test\resources
2024-02-07 14:38:00,192 [Worker-0] INFO  o.e.m.c.i.embedder.EclipseLogger - Using 'UTF-8' encoding to copy filtered resources.
2024-02-07 14:38:00,192 [Worker-0] INFO  o.e.m.c.i.embedder.EclipseLogger - Using 'UTF-8' encoding to copy filtered properties files.
2024-02-07 14:38:00,193 [Worker-0] INFO  o.e.m.c.i.embedder.EclipseLogger - Copying 1 resource
2024-02-07 14:38:00,221 [Worker-0] INFO  o.e.m.c.i.embedder.EclipseLogger - Copying 0 resource
2024-02-07 14:38:00,224 [Worker-0] INFO  o.e.m.c.i.embedder.EclipseLogger - Using 'UTF-8' encoding to copy filtered resources.
2024-02-07 14:38:00,225 [Worker-0] INFO  o.e.m.c.i.embedder.EclipseLogger - Using 'UTF-8' encoding to copy filtered properties files.
2024-02-07 14:38:00,225 [Worker-0] INFO  o.e.m.c.i.embedder.EclipseLogger - skip non existing resourceDirectory C:\Users\GOPAL\OneDrive\Desktop\tourism_website\Backend\Tourism\src\test\resources
2024-02-07 14:38:12,904 [Worker-0] INFO  o.e.m.c.i.p.ProjectConfigurationManager - Update started
2024-02-07 14:38:14,093 [Worker-0] INFO  o.e.m.c.i.l.LifecycleMappingFactory - Using org.eclipse.m2e.jdt.JarLifecycleMapping lifecycle mapping for MavenProject: com.ts:Tourism:0.0.1-SNAPSHOT @ C:\Users\GOPAL\OneDrive\Desktop\tourism_website\Backend\Tourism\pom.xml.
2024-02-07 14:38:15,477 [Worker-0] INFO  o.e.m.j.i.AbstractJavaProjectConfigurator - Adding source folder /Tourism/src/main/java
2024-02-07 14:38:15,478 [Worker-0] INFO  o.e.m.j.i.AbstractJavaProjectConfigurator - Adding resource folder /Tourism/src/main/resources
2024-02-07 14:38:15,478 [Worker-0] INFO  o.e.m.j.i.AbstractJavaProjectConfigurator - Adding resource folder /Tourism/src/main/resources
2024-02-07 14:38:15,479 [Worker-0] INFO  o.e.m.j.i.AbstractJavaProjectConfigurator - Adding source folder /Tourism/src/test/java
2024-02-07 14:38:15,834 [Worker-0] INFO  o.e.m.c.i.p.ProjectConfigurationManager - Update completed: 2 sec
2024-02-07 14:38:16,673 [Worker-12] INFO  o.e.m.c.i.embedder.EclipseLogger - Using 'UTF-8' encoding to copy filtered resources.
2024-02-07 14:38:16,673 [Worker-12] INFO  o.e.m.c.i.embedder.EclipseLogger - Using 'UTF-8' encoding to copy filtered properties files.
2024-02-07 14:38:16,674 [Worker-12] INFO  o.e.m.c.i.embedder.EclipseLogger - Copying 1 resource
2024-02-07 14:38:16,694 [Worker-12] INFO  o.e.m.c.i.embedder.EclipseLogger - Copying 0 resource
2024-02-07 14:38:16,698 [Worker-12] INFO  o.e.m.c.i.embedder.EclipseLogger - Using 'UTF-8' encoding to copy filtered resources.
2024-02-07 14:38:16,698 [Worker-12] INFO  o.e.m.c.i.embedder.EclipseLogger - Using 'UTF-8' encoding to copy filtered properties files.
2024-02-07 14:38:16,698 [Worker-12] INFO  o.e.m.c.i.embedder.EclipseLogger - skip non existing resourceDirectory C:\Users\GOPAL\OneDrive\Desktop\tourism_website\Backend\Tourism\src\test\resources
2024-02-07 14:41:51,142 [Worker-23] INFO  o.e.m.c.i.embedder.EclipseLogger - Using 'UTF-8' encoding to copy filtered resources.
2024-02-07 14:41:51,143 [Worker-23] INFO  o.e.m.c.i.embedder.EclipseLogger - Using 'UTF-8' encoding to copy filtered properties files.
2024-02-07 14:41:51,148 [Worker-23] INFO  o.e.m.c.i.embedder.EclipseLogger - Copying 1 resource
2024-02-07 14:41:51,163 [Worker-23] INFO  o.e.m.c.i.embedder.EclipseLogger - Copying 0 resource
2024-02-07 14:41:51,167 [Worker-23] INFO  o.e.m.c.i.embedder.EclipseLogger - Using 'UTF-8' encoding to copy filtered resources.
2024-02-07 14:41:51,167 [Worker-23] INFO  o.e.m.c.i.embedder.EclipseLogger - Using 'UTF-8' encoding to copy filtered properties files.
2024-02-07 14:41:51,167 [Worker-23] INFO  o.e.m.c.i.embedder.EclipseLogger - skip non existing resourceDirectory C:\Users\GOPAL\OneDrive\Desktop\tourism_website\Backend\Tourism\src\test\resources
2024-02-07 14:42:02,382 [Worker-23] INFO  o.e.m.c.i.embedder.EclipseLogger - Using 'UTF-8' encoding to copy filtered resources.
2024-02-07 14:42:02,382 [Worker-23] INFO  o.e.m.c.i.embedder.EclipseLogger - Using 'UTF-8' encoding to copy filtered properties files.
2024-02-07 14:42:02,383 [Worker-23] INFO  o.e.m.c.i.embedder.EclipseLogger - Copying 1 resource
2024-02-07 14:42:02,396 [Worker-23] INFO  o.e.m.c.i.embedder.EclipseLogger - Copying 0 resource
2024-02-07 14:42:02,399 [Worker-23] INFO  o.e.m.c.i.embedder.EclipseLogger - Using 'UTF-8' encoding to copy filtered resources.
2024-02-07 14:42:02,400 [Worker-23] INFO  o.e.m.c.i.embedder.EclipseLogger - Using 'UTF-8' encoding to copy filtered properties files.
2024-02-07 14:42:02,400 [Worker-23] INFO  o.e.m.c.i.embedder.EclipseLogger - skip non existing resourceDirectory C:\Users\GOPAL\OneDrive\Desktop\tourism_website\Backend\Tourism\src\test\resources
2024-02-07 14:42:49,672 [Worker-0] INFO  o.e.m.c.i.embedder.EclipseLogger - Using 'UTF-8' encoding to copy filtered resources.
2024-02-07 14:42:49,672 [Worker-0] INFO  o.e.m.c.i.embedder.EclipseLogger - Using 'UTF-8' encoding to copy filtered properties files.
2024-02-07 14:42:49,673 [Worker-0] INFO  o.e.m.c.i.embedder.EclipseLogger - Copying 1 resource
2024-02-07 14:42:49,705 [Worker-0] INFO  o.e.m.c.i.embedder.EclipseLogger - Copying 0 resource
2024-02-07 14:42:49,720 [Worker-0] INFO  o.e.m.c.i.embedder.EclipseLogger - Using 'UTF-8' encoding to copy filtered resources.
2024-02-07 14:42:49,720 [Worker-0] INFO  o.e.m.c.i.embedder.EclipseLogger - Using 'UTF-8' encoding to copy filtered properties files.
2024-02-07 14:42:49,720 [Worker-0] INFO  o.e.m.c.i.embedder.EclipseLogger - skip non existing resourceDirectory C:\Users\GOPAL\OneDrive\Desktop\tourism_website\Backend\Tourism\src\test\resources
2024-02-07 14:43:16,037 [Worker-24] INFO  o.e.m.c.i.embedder.EclipseLogger - Using 'UTF-8' encoding to copy filtered resources.
2024-02-07 14:43:16,038 [Worker-24] INFO  o.e.m.c.i.embedder.EclipseLogger - Using 'UTF-8' encoding to copy filtered properties files.
2024-02-07 14:43:16,039 [Worker-24] INFO  o.e.m.c.i.embedder.EclipseLogger - Copying 1 resource
2024-02-07 14:43:16,052 [Worker-24] INFO  o.e.m.c.i.embedder.EclipseLogger - Copying 0 resource
2024-02-07 14:43:16,056 [Worker-24] INFO  o.e.m.c.i.embedder.EclipseLogger - Using 'UTF-8' encoding to copy filtered resources.
2024-02-07 14:43:16,056 [Worker-24] INFO  o.e.m.c.i.embedder.EclipseLogger - Using 'UTF-8' encoding to copy filtered properties files.
2024-02-07 14:43:16,056 [Worker-24] INFO  o.e.m.c.i.embedder.EclipseLogger - skip non existing resourceDirectory C:\Users\GOPAL\OneDrive\Desktop\tourism_website\Backend\Tourism\src\test\resources
2024-02-07 15:02:48,566 [Worker-23] INFO  o.e.m.c.i.embedder.EclipseLogger - Using 'UTF-8' encoding to copy filtered resources.
2024-02-07 15:02:48,566 [Worker-23] INFO  o.e.m.c.i.embedder.EclipseLogger - Using 'UTF-8' encoding to copy filtered properties files.
2024-02-07 15:02:48,567 [Worker-23] INFO  o.e.m.c.i.embedder.EclipseLogger - Copying 1 resource
2024-02-07 15:02:48,586 [Worker-23] INFO  o.e.m.c.i.embedder.EclipseLogger - Copying 0 resource
2024-02-07 15:02:48,588 [Worker-23] INFO  o.e.m.c.i.embedder.EclipseLogger - Using 'UTF-8' encoding to copy filtered resources.
2024-02-07 15:02:48,588 [Worker-23] INFO  o.e.m.c.i.embedder.EclipseLogger - Using 'UTF-8' encoding to copy filtered properties files.
2024-02-07 15:02:48,589 [Worker-23] INFO  o.e.m.c.i.embedder.EclipseLogger - skip non existing resourceDirectory C:\Users\GOPAL\OneDrive\Desktop\tourism_website\Backend\Tourism\src\test\resources
2024-02-07 15:03:22,878 [Worker-28] INFO  o.e.m.c.i.embedder.EclipseLogger - Using 'UTF-8' encoding to copy filtered resources.
2024-02-07 15:03:22,878 [Worker-28] INFO  o.e.m.c.i.embedder.EclipseLogger - Using 'UTF-8' encoding to copy filtered properties files.
2024-02-07 15:03:22,879 [Worker-28] INFO  o.e.m.c.i.embedder.EclipseLogger - Copying 1 resource
2024-02-07 15:03:22,888 [Worker-28] INFO  o.e.m.c.i.embedder.EclipseLogger - Copying 0 resource
2024-02-07 15:03:22,892 [Worker-28] INFO  o.e.m.c.i.embedder.EclipseLogger - Using 'UTF-8' encoding to copy filtered resources.
2024-02-07 15:03:22,893 [Worker-28] INFO  o.e.m.c.i.embedder.EclipseLogger - Using 'UTF-8' encoding to copy filtered properties files.
2024-02-07 15:03:22,893 [Worker-28] INFO  o.e.m.c.i.embedder.EclipseLogger - skip non existing resourceDirectory C:\Users\GOPAL\OneDrive\Desktop\tourism_website\Backend\Tourism\src\test\resources
2024-02-07 15:04:01,765 [Worker-33] INFO  o.e.m.c.i.embedder.EclipseLogger - Using 'UTF-8' encoding to copy filtered resources.
2024-02-07 15:04:01,765 [Worker-33] INFO  o.e.m.c.i.embedder.EclipseLogger - Using 'UTF-8' encoding to copy filtered properties files.
2024-02-07 15:04:01,767 [Worker-33] INFO  o.e.m.c.i.embedder.EclipseLogger - Copying 1 resource
2024-02-07 15:04:01,783 [Worker-33] INFO  o.e.m.c.i.embedder.EclipseLogger - Copying 0 resource
2024-02-07 15:04:01,793 [Worker-33] INFO  o.e.m.c.i.embedder.EclipseLogger - Using 'UTF-8' encoding to copy filtered resources.
2024-02-07 15:04:01,793 [Worker-33] INFO  o.e.m.c.i.embedder.EclipseLogger - Using 'UTF-8' encoding to copy filtered properties files.
2024-02-07 15:04:01,793 [Worker-33] INFO  o.e.m.c.i.embedder.EclipseLogger - skip non existing resourceDirectory C:\Users\GOPAL\OneDrive\Desktop\tourism_website\Backend\Tourism\src\test\resources
2024-02-07 15:04:24,722 [Worker-33] INFO  o.e.m.c.i.embedder.EclipseLogger - Using 'UTF-8' encoding to copy filtered resources.
2024-02-07 15:04:24,722 [Worker-33] INFO  o.e.m.c.i.embedder.EclipseLogger - Using 'UTF-8' encoding to copy filtered properties files.
2024-02-07 15:04:24,723 [Worker-33] INFO  o.e.m.c.i.embedder.EclipseLogger - Copying 1 resource
2024-02-07 15:04:24,773 [Worker-33] INFO  o.e.m.c.i.embedder.EclipseLogger - Copying 0 resource
2024-02-07 15:04:24,778 [Worker-33] INFO  o.e.m.c.i.embedder.EclipseLogger - Using 'UTF-8' encoding to copy filtered resources.
2024-02-07 15:04:24,781 [Worker-33] INFO  o.e.m.c.i.embedder.EclipseLogger - Using 'UTF-8' encoding to copy filtered properties files.
2024-02-07 15:04:24,781 [Worker-33] INFO  o.e.m.c.i.embedder.EclipseLogger - skip non existing resourceDirectory C:\Users\GOPAL\OneDrive\Desktop\tourism_website\Backend\Tourism\src\test\resources
2024-02-07 15:04:41,452 [Worker-32] INFO  o.e.m.c.i.embedder.EclipseLogger - Using 'UTF-8' encoding to copy filtered resources.
2024-02-07 15:04:41,453 [Worker-32] INFO  o.e.m.c.i.embedder.EclipseLogger - Using 'UTF-8' encoding to copy filtered properties files.
2024-02-07 15:04:41,454 [Worker-32] INFO  o.e.m.c.i.embedder.EclipseLogger - Copying 1 resource
2024-02-07 15:04:41,464 [Worker-32] INFO  o.e.m.c.i.embedder.EclipseLogger - Copying 0 resource
2024-02-07 15:04:41,468 [Worker-32] INFO  o.e.m.c.i.embedder.EclipseLogger - Using 'UTF-8' encoding to copy filtered resources.
2024-02-07 15:04:41,468 [Worker-32] INFO  o.e.m.c.i.embedder.EclipseLogger - Using 'UTF-8' encoding to copy filtered properties files.
2024-02-07 15:04:41,469 [Worker-32] INFO  o.e.m.c.i.embedder.EclipseLogger - skip non existing resourceDirectory C:\Users\GOPAL\OneDrive\Desktop\tourism_website\Backend\Tourism\src\test\resources
2024-02-07 15:12:13,068 [Worker-44] INFO  o.e.m.c.i.l.LifecycleMappingFactory - Using org.eclipse.m2e.jdt.JarLifecycleMapping lifecycle mapping for MavenProject: com.ts:Tourism:0.0.1-SNAPSHOT @ C:\Users\GOPAL\OneDrive\Desktop\tourism_website\Backend\Tourism\pom.xml.
2024-02-07 15:12:14,365 [Worker-44] INFO  o.e.m.c.i.embedder.EclipseLogger - Using 'UTF-8' encoding to copy filtered resources.
2024-02-07 15:12:14,365 [Worker-44] INFO  o.e.m.c.i.embedder.EclipseLogger - Using 'UTF-8' encoding to copy filtered properties files.
2024-02-07 15:12:14,368 [Worker-44] INFO  o.e.m.c.i.embedder.EclipseLogger - Copying 0 resource
2024-02-07 15:12:14,368 [Worker-44] INFO  o.e.m.c.i.embedder.EclipseLogger - Copying 0 resource
2024-02-07 15:12:14,370 [Worker-44] INFO  o.e.m.c.i.embedder.EclipseLogger - Using 'UTF-8' encoding to copy filtered resources.
2024-02-07 15:12:14,370 [Worker-44] INFO  o.e.m.c.i.embedder.EclipseLogger - Using 'UTF-8' encoding to copy filtered properties files.
2024-02-07 15:12:14,370 [Worker-44] INFO  o.e.m.c.i.embedder.EclipseLogger - skip non existing resourceDirectory C:\Users\GOPAL\OneDrive\Desktop\tourism_website\Backend\Tourism\src\test\resources
2024-02-07 15:12:16,478 [Worker-44] INFO  o.e.m.c.i.embedder.EclipseLogger - Using 'UTF-8' encoding to copy filtered resources.
2024-02-07 15:12:16,478 [Worker-44] INFO  o.e.m.c.i.embedder.EclipseLogger - Using 'UTF-8' encoding to copy filtered properties files.
2024-02-07 15:12:16,479 [Worker-44] INFO  o.e.m.c.i.embedder.EclipseLogger - Copying 1 resource
2024-02-07 15:12:16,494 [Worker-44] INFO  o.e.m.c.i.embedder.EclipseLogger - Copying 0 resource
2024-02-07 15:12:16,497 [Worker-44] INFO  o.e.m.c.i.embedder.EclipseLogger - Using 'UTF-8' encoding to copy filtered resources.
2024-02-07 15:12:16,497 [Worker-44] INFO  o.e.m.c.i.embedder.EclipseLogger - Using 'UTF-8' encoding to copy filtered properties files.
2024-02-07 15:12:16,497 [Worker-44] INFO  o.e.m.c.i.embedder.EclipseLogger - skip non existing resourceDirectory C:\Users\GOPAL\OneDrive\Desktop\tourism_website\Backend\Tourism\src\test\resources
2024-02-07 15:12:27,423 [Worker-41] INFO  o.e.m.c.i.p.ProjectConfigurationManager - Update started
2024-02-07 15:12:27,811 [Worker-41] INFO  o.e.m.c.i.l.LifecycleMappingFactory - Using org.eclipse.m2e.jdt.JarLifecycleMapping lifecycle mapping for MavenProject: com.ts:Tourism:0.0.1-SNAPSHOT @ C:\Users\GOPAL\OneDrive\Desktop\tourism_website\Backend\Tourism\pom.xml.
2024-02-07 15:12:28,687 [Worker-41] INFO  o.e.m.j.i.AbstractJavaProjectConfigurator - Adding source folder /Tourism/src/main/java
2024-02-07 15:12:28,687 [Worker-41] INFO  o.e.m.j.i.AbstractJavaProjectConfigurator - Adding resource folder /Tourism/src/main/resources
2024-02-07 15:12:28,687 [Worker-41] INFO  o.e.m.j.i.AbstractJavaProjectConfigurator - Adding resource folder /Tourism/src/main/resources
2024-02-07 15:12:28,689 [Worker-41] INFO  o.e.m.j.i.AbstractJavaProjectConfigurator - Adding source folder /Tourism/src/test/java
2024-02-07 15:12:28,912 [Worker-41] INFO  o.e.m.c.i.p.ProjectConfigurationManager - Update completed: 1 sec
2024-02-07 15:12:29,544 [Worker-44] INFO  o.e.m.c.i.embedder.EclipseLogger - Using 'UTF-8' encoding to copy filtered resources.
2024-02-07 15:12:29,544 [Worker-44] INFO  o.e.m.c.i.embedder.EclipseLogger - Using 'UTF-8' encoding to copy filtered properties files.
2024-02-07 15:12:29,546 [Worker-44] INFO  o.e.m.c.i.embedder.EclipseLogger - Copying 1 resource
2024-02-07 15:12:29,560 [Worker-44] INFO  o.e.m.c.i.embedder.EclipseLogger - Copying 0 resource
2024-02-07 15:12:29,563 [Worker-44] INFO  o.e.m.c.i.embedder.EclipseLogger - Using 'UTF-8' encoding to copy filtered resources.
2024-02-07 15:12:29,563 [Worker-44] INFO  o.e.m.c.i.embedder.EclipseLogger - Using 'UTF-8' encoding to copy filtered properties files.
2024-02-07 15:12:29,563 [Worker-44] INFO  o.e.m.c.i.embedder.EclipseLogger - skip non existing resourceDirectory C:\Users\GOPAL\OneDrive\Desktop\tourism_website\Backend\Tourism\src\test\resources
2024-02-07 15:14:30,177 [Worker-42] INFO  o.e.m.c.i.embedder.EclipseLogger - Using 'UTF-8' encoding to copy filtered resources.
2024-02-07 15:14:30,177 [Worker-42] INFO  o.e.m.c.i.embedder.EclipseLogger - Using 'UTF-8' encoding to copy filtered properties files.
2024-02-07 15:14:30,181 [Worker-42] INFO  o.e.m.c.i.embedder.EclipseLogger - Copying 1 resource
2024-02-07 15:14:30,214 [Worker-42] INFO  o.e.m.c.i.embedder.EclipseLogger - Copying 0 resource
2024-02-07 15:14:30,217 [Worker-42] INFO  o.e.m.c.i.embedder.EclipseLogger - Using 'UTF-8' encoding to copy filtered resources.
2024-02-07 15:14:30,218 [Worker-42] INFO  o.e.m.c.i.embedder.EclipseLogger - Using 'UTF-8' encoding to copy filtered properties files.
2024-02-07 15:14:30,218 [Worker-42] INFO  o.e.m.c.i.embedder.EclipseLogger - skip non existing resourceDirectory C:\Users\GOPAL\OneDrive\Desktop\tourism_website\Backend\Tourism\src\test\resources
2024-02-07 15:19:37,849 [Worker-50] INFO  o.e.m.c.i.embedder.EclipseLogger - Using 'UTF-8' encoding to copy filtered resources.
2024-02-07 15:19:37,850 [Worker-50] INFO  o.e.m.c.i.embedder.EclipseLogger - Using 'UTF-8' encoding to copy filtered properties files.
2024-02-07 15:19:37,850 [Worker-50] INFO  o.e.m.c.i.embedder.EclipseLogger - Copying 1 resource
2024-02-07 15:19:37,875 [Worker-50] INFO  o.e.m.c.i.embedder.EclipseLogger - Copying 0 resource
2024-02-07 15:19:37,879 [Worker-50] INFO  o.e.m.c.i.embedder.EclipseLogger - Using 'UTF-8' encoding to copy filtered resources.
2024-02-07 15:19:37,879 [Worker-50] INFO  o.e.m.c.i.embedder.EclipseLogger - Using 'UTF-8' encoding to copy filtered properties files.
2024-02-07 15:19:37,879 [Worker-50] INFO  o.e.m.c.i.embedder.EclipseLogger - skip non existing resourceDirectory C:\Users\GOPAL\OneDrive\Desktop\tourism_website\Backend\Tourism\src\test\resources
2024-02-07 15:20:25,724 [Worker-44] INFO  o.e.m.c.i.embedder.EclipseLogger - Using 'UTF-8' encoding to copy filtered resources.
2024-02-07 15:20:25,724 [Worker-44] INFO  o.e.m.c.i.embedder.EclipseLogger - Using 'UTF-8' encoding to copy filtered properties files.
2024-02-07 15:20:25,725 [Worker-44] INFO  o.e.m.c.i.embedder.EclipseLogger - Copying 1 resource
2024-02-07 15:20:25,732 [Worker-44] INFO  o.e.m.c.i.embedder.EclipseLogger - Copying 0 resource
2024-02-07 15:20:25,734 [Worker-44] INFO  o.e.m.c.i.embedder.EclipseLogger - Using 'UTF-8' encoding to copy filtered resources.
2024-02-07 15:20:25,734 [Worker-44] INFO  o.e.m.c.i.embedder.EclipseLogger - Using 'UTF-8' encoding to copy filtered properties files.
2024-02-07 15:20:25,734 [Worker-44] INFO  o.e.m.c.i.embedder.EclipseLogger - skip non existing resourceDirectory C:\Users\GOPAL\OneDrive\Desktop\tourism_website\Backend\Tourism\src\test\resources
2024-02-07 15:20:47,166 [Worker-51] INFO  o.e.m.c.i.embedder.EclipseLogger - Using 'UTF-8' encoding to copy filtered resources.
2024-02-07 15:20:47,166 [Worker-51] INFO  o.e.m.c.i.embedder.EclipseLogger - Using 'UTF-8' encoding to copy filtered properties files.
2024-02-07 15:20:47,167 [Worker-51] INFO  o.e.m.c.i.embedder.EclipseLogger - Copying 1 resource
2024-02-07 15:20:47,191 [Worker-51] INFO  o.e.m.c.i.embedder.EclipseLogger - Copying 0 resource
2024-02-07 15:20:47,194 [Worker-51] INFO  o.e.m.c.i.embedder.EclipseLogger - Using 'UTF-8' encoding to copy filtered resources.
2024-02-07 15:20:47,195 [Worker-51] INFO  o.e.m.c.i.embedder.EclipseLogger - Using 'UTF-8' encoding to copy filtered properties files.
2024-02-07 15:20:47,195 [Worker-51] INFO  o.e.m.c.i.embedder.EclipseLogger - skip non existing resourceDirectory C:\Users\GOPAL\OneDrive\Desktop\tourism_website\Backend\Tourism\src\test\resources
2024-02-07 15:22:22,309 [Worker-49] INFO  o.e.m.c.i.embedder.EclipseLogger - Using 'UTF-8' encoding to copy filtered resources.
2024-02-07 15:22:22,309 [Worker-49] INFO  o.e.m.c.i.embedder.EclipseLogger - Using 'UTF-8' encoding to copy filtered properties files.
2024-02-07 15:22:22,310 [Worker-49] INFO  o.e.m.c.i.embedder.EclipseLogger - Copying 1 resource
2024-02-07 15:22:22,332 [Worker-49] INFO  o.e.m.c.i.embedder.EclipseLogger - Copying 0 resource
2024-02-07 15:22:22,334 [Worker-49] INFO  o.e.m.c.i.embedder.EclipseLogger - Using 'UTF-8' encoding to copy filtered resources.
2024-02-07 15:22:22,334 [Worker-49] INFO  o.e.m.c.i.embedder.EclipseLogger - Using 'UTF-8' encoding to copy filtered properties files.
2024-02-07 15:22:22,334 [Worker-49] INFO  o.e.m.c.i.embedder.EclipseLogger - skip non existing resourceDirectory C:\Users\GOPAL\OneDrive\Desktop\tourism_website\Backend\Tourism\src\test\resources
2024-02-07 15:23:26,750 [Worker-51] INFO  o.e.m.c.i.embedder.EclipseLogger - Using 'UTF-8' encoding to copy filtered resources.
2024-02-07 15:23:26,750 [Worker-51] INFO  o.e.m.c.i.embedder.EclipseLogger - Using 'UTF-8' encoding to copy filtered properties files.
2024-02-07 15:23:26,751 [Worker-51] INFO  o.e.m.c.i.embedder.EclipseLogger - Copying 1 resource
2024-02-07 15:23:26,760 [Worker-51] INFO  o.e.m.c.i.embedder.EclipseLogger - Copying 0 resource
2024-02-07 15:23:26,762 [Worker-51] INFO  o.e.m.c.i.embedder.EclipseLogger - Using 'UTF-8' encoding to copy filtered resources.
2024-02-07 15:23:26,762 [Worker-51] INFO  o.e.m.c.i.embedder.EclipseLogger - Using 'UTF-8' encoding to copy filtered properties files.
2024-02-07 15:23:26,762 [Worker-51] INFO  o.e.m.c.i.embedder.EclipseLogger - skip non existing resourceDirectory C:\Users\GOPAL\OneDrive\Desktop\tourism_website\Backend\Tourism\src\test\resources
2024-02-07 15:24:25,022 [Worker-50] INFO  o.e.m.c.i.embedder.EclipseLogger - Using 'UTF-8' encoding to copy filtered resources.
2024-02-07 15:24:25,022 [Worker-50] INFO  o.e.m.c.i.embedder.EclipseLogger - Using 'UTF-8' encoding to copy filtered properties files.
2024-02-07 15:24:25,024 [Worker-50] INFO  o.e.m.c.i.embedder.EclipseLogger - Copying 1 resource
2024-02-07 15:24:25,044 [Worker-50] INFO  o.e.m.c.i.embedder.EclipseLogger - Copying 0 resource
2024-02-07 15:24:25,047 [Worker-50] INFO  o.e.m.c.i.embedder.EclipseLogger - Using 'UTF-8' encoding to copy filtered resources.
2024-02-07 15:24:25,047 [Worker-50] INFO  o.e.m.c.i.embedder.EclipseLogger - Using 'UTF-8' encoding to copy filtered properties files.
2024-02-07 15:24:25,047 [Worker-50] INFO  o.e.m.c.i.embedder.EclipseLogger - skip non existing resourceDirectory C:\Users\GOPAL\OneDrive\Desktop\tourism_website\Backend\Tourism\src\test\resources
2024-02-07 15:24:29,536 [Worker-44] INFO  o.e.m.c.i.embedder.EclipseLogger - Using 'UTF-8' encoding to copy filtered resources.
2024-02-07 15:24:29,536 [Worker-44] INFO  o.e.m.c.i.embedder.EclipseLogger - Using 'UTF-8' encoding to copy filtered properties files.
2024-02-07 15:24:29,537 [Worker-44] INFO  o.e.m.c.i.embedder.EclipseLogger - Copying 1 resource
2024-02-07 15:24:29,569 [Worker-44] INFO  o.e.m.c.i.embedder.EclipseLogger - Copying 0 resource
2024-02-07 15:24:29,571 [Worker-44] INFO  o.e.m.c.i.embedder.EclipseLogger - Using 'UTF-8' encoding to copy filtered resources.
2024-02-07 15:24:29,571 [Worker-44] INFO  o.e.m.c.i.embedder.EclipseLogger - Using 'UTF-8' encoding to copy filtered properties files.
2024-02-07 15:24:29,571 [Worker-44] INFO  o.e.m.c.i.embedder.EclipseLogger - skip non existing resourceDirectory C:\Users\GOPAL\OneDrive\Desktop\tourism_website\Backend\Tourism\src\test\resources
2024-02-07 15:32:31,913 [Worker-44] INFO  o.e.m.c.i.embedder.EclipseLogger - Using 'UTF-8' encoding to copy filtered resources.
2024-02-07 15:32:31,913 [Worker-44] INFO  o.e.m.c.i.embedder.EclipseLogger - Using 'UTF-8' encoding to copy filtered properties files.
2024-02-07 15:32:31,914 [Worker-44] INFO  o.e.m.c.i.embedder.EclipseLogger - Copying 1 resource
2024-02-07 15:32:31,921 [Worker-44] INFO  o.e.m.c.i.embedder.EclipseLogger - Copying 0 resource
2024-02-07 15:32:31,922 [Worker-44] INFO  o.e.m.c.i.embedder.EclipseLogger - Using 'UTF-8' encoding to copy filtered resources.
2024-02-07 15:32:31,923 [Worker-44] INFO  o.e.m.c.i.embedder.EclipseLogger - Using 'UTF-8' encoding to copy filtered properties files.
2024-02-07 15:32:31,923 [Worker-44] INFO  o.e.m.c.i.embedder.EclipseLogger - skip non existing resourceDirectory C:\Users\GOPAL\OneDrive\Desktop\tourism_website\Backend\Tourism\src\test\resources
2024-02-07 15:39:26,871 [Worker-57] WARN  o.e.r.models.ModelRepository - Failed to download org.eclipse.recommenders:index::zip:0.0.0
org.eclipse.aether.resolution.ArtifactResolutionException: Could not find artifact org.eclipse.recommenders:index:zip:0.0.0-SNAPSHOT in models (http://download.eclipse.org/recommenders/models/neon/)
	at org.eclipse.aether.internal.impl.DefaultArtifactResolver.resolve(DefaultArtifactResolver.java:444) ~[na:na]
	at org.eclipse.aether.internal.impl.DefaultArtifactResolver.resolveArtifacts(DefaultArtifactResolver.java:246) ~[na:na]
	at org.eclipse.aether.internal.impl.DefaultArtifactResolver.resolveArtifact(DefaultArtifactResolver.java:223) ~[na:na]
	at org.eclipse.aether.internal.impl.DefaultRepositorySystem.resolveArtifact(DefaultRepositorySystem.java:294) ~[na:na]
	at org.eclipse.recommenders.models.ModelRepository.resolveInternal(ModelRepository.java:193) [org.eclipse.recommenders.models_2.4.6.v20170307-1041.jar:na]
	at org.eclipse.recommenders.models.ModelRepository.resolve(ModelRepository.java:172) [org.eclipse.recommenders.models_2.4.6.v20170307-1041.jar:na]
	at org.eclipse.recommenders.internal.models.rcp.EclipseModelRepository.resolve(EclipseModelRepository.java:169) [org.eclipse.recommenders.models.rcp_2.4.6.v20170307-1041.jar:na]
	at org.eclipse.recommenders.internal.models.rcp.DownloadModelArchiveJob.run(DownloadModelArchiveJob.java:76) [org.eclipse.recommenders.models.rcp_2.4.6.v20170307-1041.jar:na]
	at org.eclipse.core.internal.jobs.Worker.run(Worker.java:55) [org.eclipse.core.jobs_3.8.0.v20160509-0411.jar:na]
Caused by: org.eclipse.aether.transfer.ArtifactNotFoundException: Could not find artifact org.eclipse.recommenders:index:zip:0.0.0-SNAPSHOT in models (http://download.eclipse.org/recommenders/models/neon/)
	at org.eclipse.aether.connector.basic.ArtifactTransportListener.transferFailed(ArtifactTransportListener.java:39) ~[org.eclipse.aether.connector.basic_1.0.1.v20141111.jar:na]
	at org.eclipse.aether.connector.basic.BasicRepositoryConnector$TaskRunner.run(BasicRepositoryConnector.java:355) ~[org.eclipse.aether.connector.basic_1.0.1.v20141111.jar:na]
	at org.eclipse.aether.util.concurrency.RunnableErrorForwarder$1.run(RunnableErrorForwarder.java:67) ~[na:na]
	at org.eclipse.aether.connector.basic.BasicRepositoryConnector$DirectExecutor.execute(BasicRepositoryConnector.java:581) ~[org.eclipse.aether.connector.basic_1.0.1.v20141111.jar:na]
	at org.eclipse.aether.connector.basic.BasicRepositoryConnector.get(BasicRepositoryConnector.java:249) ~[org.eclipse.aether.connector.basic_1.0.1.v20141111.jar:na]
	at org.eclipse.aether.internal.impl.DefaultArtifactResolver.performDownloads(DefaultArtifactResolver.java:520) ~[na:na]
	at org.eclipse.aether.internal.impl.DefaultArtifactResolver.resolve(DefaultArtifactResolver.java:421) ~[na:na]
	... 8 common frames omitted
2024-02-07 15:45:54,185 [Worker-65] INFO  o.e.m.c.i.embedder.EclipseLogger - Using 'UTF-8' encoding to copy filtered resources.
2024-02-07 15:45:54,185 [Worker-65] INFO  o.e.m.c.i.embedder.EclipseLogger - Using 'UTF-8' encoding to copy filtered properties files.
2024-02-07 15:45:54,186 [Worker-65] INFO  o.e.m.c.i.embedder.EclipseLogger - Copying 1 resource
2024-02-07 15:45:54,196 [Worker-65] INFO  o.e.m.c.i.embedder.EclipseLogger - Copying 0 resource
2024-02-07 15:45:54,198 [Worker-65] INFO  o.e.m.c.i.embedder.EclipseLogger - Using 'UTF-8' encoding to copy filtered resources.
2024-02-07 15:45:54,198 [Worker-65] INFO  o.e.m.c.i.embedder.EclipseLogger - Using 'UTF-8' encoding to copy filtered properties files.
2024-02-07 15:45:54,198 [Worker-65] INFO  o.e.m.c.i.embedder.EclipseLogger - skip non existing resourceDirectory C:\Users\GOPAL\OneDrive\Desktop\tourism_website\Backend\Tourism\src\test\resources
2024-02-07 15:45:55,305 [Worker-65] INFO  o.e.m.c.i.embedder.EclipseLogger - Using 'UTF-8' encoding to copy filtered resources.
2024-02-07 15:45:55,306 [Worker-65] INFO  o.e.m.c.i.embedder.EclipseLogger - Using 'UTF-8' encoding to copy filtered properties files.
2024-02-07 15:45:55,306 [Worker-65] INFO  o.e.m.c.i.embedder.EclipseLogger - Copying 1 resource
2024-02-07 15:45:55,315 [Worker-65] INFO  o.e.m.c.i.embedder.EclipseLogger - Copying 0 resource
2024-02-07 15:45:55,318 [Worker-65] INFO  o.e.m.c.i.embedder.EclipseLogger - Using 'UTF-8' encoding to copy filtered resources.
2024-02-07 15:45:55,318 [Worker-65] INFO  o.e.m.c.i.embedder.EclipseLogger - Using 'UTF-8' encoding to copy filtered properties files.
2024-02-07 15:45:55,318 [Worker-65] INFO  o.e.m.c.i.embedder.EclipseLogger - skip non existing resourceDirectory C:\Users\GOPAL\OneDrive\Desktop\tourism_website\Backend\Tourism\src\test\resources
2024-02-07 15:53:19,783 [Worker-60] INFO  o.e.m.c.i.embedder.EclipseLogger - Using 'UTF-8' encoding to copy filtered resources.
2024-02-07 15:53:19,783 [Worker-60] INFO  o.e.m.c.i.embedder.EclipseLogger - Using 'UTF-8' encoding to copy filtered properties files.
2024-02-07 15:53:19,784 [Worker-60] INFO  o.e.m.c.i.embedder.EclipseLogger - Copying 1 resource
2024-02-07 15:53:19,790 [Worker-60] INFO  o.e.m.c.i.embedder.EclipseLogger - Copying 0 resource
2024-02-07 15:53:19,791 [Worker-60] INFO  o.e.m.c.i.embedder.EclipseLogger - Using 'UTF-8' encoding to copy filtered resources.
2024-02-07 15:53:19,791 [Worker-60] INFO  o.e.m.c.i.embedder.EclipseLogger - Using 'UTF-8' encoding to copy filtered properties files.
2024-02-07 15:53:19,791 [Worker-60] INFO  o.e.m.c.i.embedder.EclipseLogger - skip non existing resourceDirectory C:\Users\GOPAL\OneDrive\Desktop\tourism_website\Backend\Tourism\src\test\resources
2024-02-07 16:51:16,027 [Worker-83] INFO  o.e.m.c.i.embedder.EclipseLogger - Using 'UTF-8' encoding to copy filtered resources.
2024-02-07 16:51:16,028 [Worker-83] INFO  o.e.m.c.i.embedder.EclipseLogger - Using 'UTF-8' encoding to copy filtered properties files.
2024-02-07 16:51:16,030 [Worker-83] INFO  o.e.m.c.i.embedder.EclipseLogger - Copying 1 resource
2024-02-07 16:51:16,132 [Worker-83] INFO  o.e.m.c.i.embedder.EclipseLogger - Copying 0 resource
2024-02-07 16:51:16,135 [Worker-83] INFO  o.e.m.c.i.embedder.EclipseLogger - Using 'UTF-8' encoding to copy filtered resources.
2024-02-07 16:51:16,136 [Worker-83] INFO  o.e.m.c.i.embedder.EclipseLogger - Using 'UTF-8' encoding to copy filtered properties files.
2024-02-07 16:51:16,136 [Worker-83] INFO  o.e.m.c.i.embedder.EclipseLogger - skip non existing resourceDirectory C:\Users\GOPAL\OneDrive\Desktop\tourism_website\Backend\Tourism\src\test\resources
2024-02-07 16:57:57,714 [Worker-85] INFO  o.e.m.c.i.embedder.EclipseLogger - Using 'UTF-8' encoding to copy filtered resources.
2024-02-07 16:57:57,715 [Worker-85] INFO  o.e.m.c.i.embedder.EclipseLogger - Using 'UTF-8' encoding to copy filtered properties files.
2024-02-07 16:57:57,718 [Worker-85] INFO  o.e.m.c.i.embedder.EclipseLogger - Copying 1 resource
2024-02-07 16:57:57,734 [Worker-85] INFO  o.e.m.c.i.embedder.EclipseLogger - Copying 0 resource
2024-02-07 16:57:57,738 [Worker-85] INFO  o.e.m.c.i.embedder.EclipseLogger - Using 'UTF-8' encoding to copy filtered resources.
2024-02-07 16:57:57,738 [Worker-85] INFO  o.e.m.c.i.embedder.EclipseLogger - Using 'UTF-8' encoding to copy filtered properties files.
2024-02-07 16:57:57,739 [Worker-85] INFO  o.e.m.c.i.embedder.EclipseLogger - skip non existing resourceDirectory C:\Users\GOPAL\OneDrive\Desktop\tourism_website\Backend\Tourism\src\test\resources
2024-02-07 16:58:06,708 [Worker-85] INFO  o.e.m.c.i.embedder.EclipseLogger - Using 'UTF-8' encoding to copy filtered resources.
2024-02-07 16:58:06,708 [Worker-85] INFO  o.e.m.c.i.embedder.EclipseLogger - Using 'UTF-8' encoding to copy filtered properties files.
2024-02-07 16:58:06,709 [Worker-85] INFO  o.e.m.c.i.embedder.EclipseLogger - Copying 1 resource
2024-02-07 16:58:06,763 [Worker-85] INFO  o.e.m.c.i.embedder.EclipseLogger - Copying 0 resource
2024-02-07 16:58:06,770 [Worker-85] INFO  o.e.m.c.i.embedder.EclipseLogger - Using 'UTF-8' encoding to copy filtered resources.
2024-02-07 16:58:06,770 [Worker-85] INFO  o.e.m.c.i.embedder.EclipseLogger - Using 'UTF-8' encoding to copy filtered properties files.
2024-02-07 16:58:06,770 [Worker-85] INFO  o.e.m.c.i.embedder.EclipseLogger - skip non existing resourceDirectory C:\Users\GOPAL\OneDrive\Desktop\tourism_website\Backend\Tourism\src\test\resources
2024-02-07 16:58:45,352 [Worker-82] INFO  o.e.m.c.i.embedder.EclipseLogger - Using 'UTF-8' encoding to copy filtered resources.
2024-02-07 16:58:45,352 [Worker-82] INFO  o.e.m.c.i.embedder.EclipseLogger - Using 'UTF-8' encoding to copy filtered properties files.
2024-02-07 16:58:45,354 [Worker-82] INFO  o.e.m.c.i.embedder.EclipseLogger - Copying 1 resource
2024-02-07 16:58:45,363 [Worker-82] INFO  o.e.m.c.i.embedder.EclipseLogger - Copying 0 resource
2024-02-07 16:58:45,366 [Worker-82] INFO  o.e.m.c.i.embedder.EclipseLogger - Using 'UTF-8' encoding to copy filtered resources.
2024-02-07 16:58:45,366 [Worker-82] INFO  o.e.m.c.i.embedder.EclipseLogger - Using 'UTF-8' encoding to copy filtered properties files.
2024-02-07 16:58:45,366 [Worker-82] INFO  o.e.m.c.i.embedder.EclipseLogger - skip non existing resourceDirectory C:\Users\GOPAL\OneDrive\Desktop\tourism_website\Backend\Tourism\src\test\resources
2024-02-07 16:59:26,949 [Worker-80] INFO  o.e.m.c.i.embedder.EclipseLogger - Using 'UTF-8' encoding to copy filtered resources.
2024-02-07 16:59:26,950 [Worker-80] INFO  o.e.m.c.i.embedder.EclipseLogger - Using 'UTF-8' encoding to copy filtered properties files.
2024-02-07 16:59:26,951 [Worker-80] INFO  o.e.m.c.i.embedder.EclipseLogger - Copying 1 resource
2024-02-07 16:59:26,960 [Worker-80] INFO  o.e.m.c.i.embedder.EclipseLogger - Copying 0 resource
